This file contains any messages produced by compilers while
running configure, to aid debugging if configure makes a mistake.

It was created by acme-client configure 1.2.0, which was
generated by GNU Autoconf 2.70.  Invocation command line was

  $ ./configure --no-create --no-recursion

## --------- ##
## Platform. ##
## --------- ##

hostname = ws
uname -m = x86_64
uname -r = 5.4.86-1-lts
uname -s = Linux
uname -v = #1 SMP Wed, 30 Dec 2020 21:01:35 +0000

/usr/bin/uname -p = unknown
/bin/uname -X     = unknown

/bin/arch              = unknown
/usr/bin/arch -k       = unknown
/usr/convex/getsysinfo = unknown
/usr/bin/hostinfo      = unknown
/bin/machine           = unknown
/usr/bin/oslevel       = unknown
/bin/universe          = unknown

PATH: /home/wolf/bin/
PATH: /home/wolf/.gem/ruby/2.7.0/bin/
PATH: /usr/local/sbin/
PATH: /usr/local/bin/
PATH: /usr/bin/
PATH: /usr/lib/jvm/default/bin/
PATH: /usr/bin/site_perl/
PATH: /usr/bin/vendor_perl/
PATH: /usr/bin/core_perl/
PATH: /usr/lib/jvm/default/bin/


## ----------- ##
## Core tests. ##
## ----------- ##

configure:2465: looking for aux files: compile missing install-sh config.guess config.sub
configure:2478:  trying ./build-aux/
configure:2507:   ./build-aux/compile found
configure:2507:   ./build-aux/missing found
configure:2489:   ./build-aux/install-sh found
configure:2507:   ./build-aux/config.guess found
configure:2507:   ./build-aux/config.sub found
configure:2634: checking build system type
configure:2649: result: x86_64-pc-linux-gnu
configure:2669: checking host system type
configure:2683: result: x86_64-pc-linux-gnu
configure:2703: checking target system type
configure:2717: result: x86_64-pc-linux-gnu
configure:2762: checking for a BSD-compatible install
configure:2835: result: /usr/bin/install -c
configure:2846: checking whether build environment is sane
configure:2901: result: yes
configure:3065: checking for a race-free mkdir -p
configure:3109: result: /usr/bin/mkdir -p
configure:3116: checking for gawk
configure:3137: found /usr/bin/gawk
configure:3148: result: gawk
configure:3159: checking whether make sets $(MAKE)
configure:3182: result: yes
configure:3212: checking whether make supports nested variables
configure:3230: result: yes
configure:3415: checking for gcc
configure:3436: found /usr/bin/gcc
configure:3447: result: gcc
configure:3800: checking for C compiler version
configure:3809: gcc --version >&5
gcc (GCC) 10.2.0
Copyright (C) 2020 Free Software Foundation, Inc.
This is free software; see the source for copying conditions.  There is NO
warranty; not even for MERCHANTABILITY or FITNESS FOR A PARTICULAR PURPOSE.

configure:3820: $? = 0
configure:3809: gcc -v >&5
Using built-in specs.
COLLECT_GCC=gcc
COLLECT_LTO_WRAPPER=/usr/lib/gcc/x86_64-pc-linux-gnu/10.2.0/lto-wrapper
Target: x86_64-pc-linux-gnu
Configured with: /build/gcc/src/gcc/configure --prefix=/usr --libdir=/usr/lib --libexecdir=/usr/lib --mandir=/usr/share/man --infodir=/usr/share/info --with-bugurl=https://bugs.archlinux.org/ --enable-languages=c,c++,ada,fortran,go,lto,objc,obj-c++,d --with-isl --with-linker-hash-style=gnu --with-system-zlib --enable-__cxa_atexit --enable-cet=auto --enable-checking=release --enable-clocale=gnu --enable-default-pie --enable-default-ssp --enable-gnu-indirect-function --enable-gnu-unique-object --enable-install-libiberty --enable-linker-build-id --enable-lto --enable-multilib --enable-plugin --enable-shared --enable-threads=posix --disable-libssp --disable-libstdcxx-pch --disable-libunwind-exceptions --disable-werror gdc_include_dir=/usr/include/dlang/gdc
Thread model: posix
Supported LTO compression algorithms: zlib zstd
gcc version 10.2.0 (GCC) 
configure:3820: $? = 0
configure:3809: gcc -V >&5
gcc: error: unrecognized command-line option '-V'
gcc: fatal error: no input files
compilation terminated.
configure:3820: $? = 1
configure:3809: gcc -qversion >&5
gcc: error: unrecognized command-line option '-qversion'; did you mean '--version'?
gcc: fatal error: no input files
compilation terminated.
configure:3820: $? = 1
configure:3809: gcc -version >&5
gcc: error: unrecognized command-line option '-version'
gcc: fatal error: no input files
compilation terminated.
configure:3820: $? = 1
configure:3840: checking whether the C compiler works
configure:3862: gcc    conftest.c  >&5
configure:3866: $? = 0
configure:3916: result: yes
configure:3919: checking for C compiler default output file name
configure:3921: result: a.out
configure:3927: checking for suffix of executables
configure:3934: gcc -o conftest    conftest.c  >&5
configure:3938: $? = 0
configure:3961: result: 
configure:3983: checking whether we are cross compiling
configure:3991: gcc -o conftest    conftest.c  >&5
configure:3995: $? = 0
configure:4002: ./conftest
configure:4006: $? = 0
configure:4021: result: no
configure:4026: checking for suffix of object files
configure:4049: gcc -c   conftest.c >&5
configure:4053: $? = 0
configure:4075: result: o
configure:4079: checking whether the compiler supports GNU C
configure:4099: gcc -c   conftest.c >&5
configure:4099: $? = 0
configure:4109: result: yes
configure:4120: checking whether gcc accepts -g
configure:4141: gcc -c -g  conftest.c >&5
configure:4141: $? = 0
configure:4185: result: yes
configure:4202: checking for gcc option to enable C11 features
configure:4217: gcc  -c -g -O2  conftest.c >&5
configure:4217: $? = 0
configure:4232: result: none needed
configure:4361: checking whether gcc understands -c and -o together
configure:4384: gcc -c conftest.c -o conftest2.o
configure:4387: $? = 0
configure:4384: gcc -c conftest.c -o conftest2.o
configure:4387: $? = 0
configure:4399: result: yes
configure:4419: checking whether make supports the include directive
configure:4434: make -f confmf.GNU && cat confinc.out
make[1]: Entering directory '/home/wolf/devel/acme-client-portable'
make[1]: Leaving directory '/home/wolf/devel/acme-client-portable'
this is the am__doit target
configure:4437: $? = 0
configure:4456: result: yes (GNU style)
configure:4482: checking dependency style of gcc
configure:4594: result: gcc3
configure:4617: checking how to run the C preprocessor
configure:4643: gcc -E  conftest.c
configure:4643: $? = 0
configure:4658: gcc -E  conftest.c
conftest.c:11:10: fatal error: ac_nonexistent.h: No such file or directory
   11 | #include <ac_nonexistent.h>
      |          ^~~~~~~~~~~~~~~~~~
compilation terminated.
configure:4658: $? = 1
configure: failed program was:
| /* confdefs.h */
| #define PACKAGE_NAME "acme-client"
| #define PACKAGE_TARNAME "acme-client"
| #define PACKAGE_VERSION "1.2.0"
| #define PACKAGE_STRING "acme-client 1.2.0"
| #define PACKAGE_BUGREPORT "wolf@wolfsden.cz"
| #define PACKAGE_URL ""
| #define PACKAGE "acme-client"
| #define VERSION "1.2.0"
| /* end confdefs.h.  */
| #include <ac_nonexistent.h>
configure:4685: result: gcc -E
configure:4699: gcc -E  conftest.c
configure:4699: $? = 0
configure:4714: gcc -E  conftest.c
conftest.c:11:10: fatal error: ac_nonexistent.h: No such file or directory
   11 | #include <ac_nonexistent.h>
      |          ^~~~~~~~~~~~~~~~~~
compilation terminated.
configure:4714: $? = 1
configure: failed program was:
| /* confdefs.h */
| #define PACKAGE_NAME "acme-client"
| #define PACKAGE_TARNAME "acme-client"
| #define PACKAGE_VERSION "1.2.0"
| #define PACKAGE_STRING "acme-client 1.2.0"
| #define PACKAGE_BUGREPORT "wolf@wolfsden.cz"
| #define PACKAGE_URL ""
| #define PACKAGE "acme-client"
| #define VERSION "1.2.0"
| /* end confdefs.h.  */
| #include <ac_nonexistent.h>
configure:4749: checking for bison
configure:4770: found /usr/bin/bison
configure:4781: result: bison -y
configure:4864: checking for pkg-config
configure:4885: found /usr/bin/pkg-config
configure:4896: result: pkg-config
configure:4966: checking whether compiling and linking against OpenSSL works
Trying link with OPENSSL_LDFLAGS=; OPENSSL_LIBS=-lssl -lcrypto ; OPENSSL_INCLUDES=
configure:4988: gcc -o conftest -g -O2     conftest.c -lssl -lcrypto   >&5
configure:4988: $? = 0
configure:4991: result: yes
configure:5017: checking for stdio.h
configure:5017: gcc -c -g -O2  conftest.c >&5
configure:5017: $? = 0
configure:5017: result: yes
configure:5017: checking for stdlib.h
configure:5017: gcc -c -g -O2  conftest.c >&5
configure:5017: $? = 0
configure:5017: result: yes
configure:5017: checking for string.h
configure:5017: gcc -c -g -O2  conftest.c >&5
configure:5017: $? = 0
configure:5017: result: yes
configure:5017: checking for inttypes.h
configure:5017: gcc -c -g -O2  conftest.c >&5
configure:5017: $? = 0
configure:5017: result: yes
configure:5017: checking for stdint.h
configure:5017: gcc -c -g -O2  conftest.c >&5
configure:5017: $? = 0
configure:5017: result: yes
configure:5017: checking for strings.h
configure:5017: gcc -c -g -O2  conftest.c >&5
configure:5017: $? = 0
configure:5017: result: yes
configure:5017: checking for sys/stat.h
configure:5017: gcc -c -g -O2  conftest.c >&5
configure:5017: $? = 0
configure:5017: result: yes
configure:5017: checking for sys/types.h
configure:5017: gcc -c -g -O2  conftest.c >&5
configure:5017: $? = 0
configure:5017: result: yes
configure:5017: checking for unistd.h
configure:5017: gcc -c -g -O2  conftest.c >&5
configure:5017: $? = 0
configure:5017: result: yes
configure:5017: checking for vfork.h
configure:5017: gcc -c -g -O2  conftest.c >&5
conftest.c:48:10: fatal error: vfork.h: No such file or directory
   48 | #include <vfork.h>
      |          ^~~~~~~~~
compilation terminated.
configure:5017: $? = 1
configure: failed program was:
| /* confdefs.h */
| #define PACKAGE_NAME "acme-client"
| #define PACKAGE_TARNAME "acme-client"
| #define PACKAGE_VERSION "1.2.0"
| #define PACKAGE_STRING "acme-client 1.2.0"
| #define PACKAGE_BUGREPORT "wolf@wolfsden.cz"
| #define PACKAGE_URL ""
| #define PACKAGE "acme-client"
| #define VERSION "1.2.0"
| #define HAVE_STDIO_H 1
| #define HAVE_STDLIB_H 1
| #define HAVE_STRING_H 1
| #define HAVE_INTTYPES_H 1
| #define HAVE_STDINT_H 1
| #define HAVE_STRINGS_H 1
| #define HAVE_SYS_STAT_H 1
| #define HAVE_SYS_TYPES_H 1
| #define HAVE_UNISTD_H 1
| /* end confdefs.h.  */
| #include <stddef.h>
| #ifdef HAVE_STDIO_H
| # include <stdio.h>
| #endif
| #ifdef HAVE_STDLIB_H
| # include <stdlib.h>
| #endif
| #ifdef HAVE_STRING_H
| # include <string.h>
| #endif
| #ifdef HAVE_INTTYPES_H
| # include <inttypes.h>
| #endif
| #ifdef HAVE_STDINT_H
| # include <stdint.h>
| #endif
| #ifdef HAVE_STRINGS_H
| # include <strings.h>
| #endif
| #ifdef HAVE_SYS_TYPES_H
| # include <sys/types.h>
| #endif
| #ifdef HAVE_SYS_STAT_H
| # include <sys/stat.h>
| #endif
| #ifdef HAVE_UNISTD_H
| # include <unistd.h>
| #endif
| #include <vfork.h>
configure:5017: result: no
configure:5043: checking for pid_t
configure:5043: gcc -c -g -O2  conftest.c >&5
configure:5043: $? = 0
configure:5043: gcc -c -g -O2  conftest.c >&5
conftest.c: In function 'main':
conftest.c:53:20: error: expected expression before ')' token
   53 | if (sizeof ((pid_t)))
      |                    ^
configure:5043: $? = 1
configure: failed program was:
| /* confdefs.h */
| #define PACKAGE_NAME "acme-client"
| #define PACKAGE_TARNAME "acme-client"
| #define PACKAGE_VERSION "1.2.0"
| #define PACKAGE_STRING "acme-client 1.2.0"
| #define PACKAGE_BUGREPORT "wolf@wolfsden.cz"
| #define PACKAGE_URL ""
| #define PACKAGE "acme-client"
| #define VERSION "1.2.0"
| #define HAVE_STDIO_H 1
| #define HAVE_STDLIB_H 1
| #define HAVE_STRING_H 1
| #define HAVE_INTTYPES_H 1
| #define HAVE_STDINT_H 1
| #define HAVE_STRINGS_H 1
| #define HAVE_SYS_STAT_H 1
| #define HAVE_SYS_TYPES_H 1
| #define HAVE_UNISTD_H 1
| #define STDC_HEADERS 1
| /* end confdefs.h.  */
| #include <stddef.h>
| #ifdef HAVE_STDIO_H
| # include <stdio.h>
| #endif
| #ifdef HAVE_STDLIB_H
| # include <stdlib.h>
| #endif
| #ifdef HAVE_STRING_H
| # include <string.h>
| #endif
| #ifdef HAVE_INTTYPES_H
| # include <inttypes.h>
| #endif
| #ifdef HAVE_STDINT_H
| # include <stdint.h>
| #endif
| #ifdef HAVE_STRINGS_H
| # include <strings.h>
| #endif
| #ifdef HAVE_SYS_TYPES_H
| # include <sys/types.h>
| #endif
| #ifdef HAVE_SYS_STAT_H
| # include <sys/stat.h>
| #endif
| #ifdef HAVE_UNISTD_H
| # include <unistd.h>
| #endif
| 
| int
| main (void)
| {
| if (sizeof ((pid_t)))
| 	    return 0;
|   ;
|   return 0;
| }
configure:5043: result: yes
configure:5084: checking for fork
configure:5084: gcc -o conftest -g -O2   conftest.c  >&5
conftest.c:37:6: warning: conflicting types for built-in function 'fork'; expected 'int(void)' [-Wbuiltin-declaration-mismatch]
   37 | char fork ();
      |      ^~~~
configure:5084: $? = 0
configure:5084: result: yes
configure:5084: checking for vfork
configure:5084: gcc -o conftest -g -O2   conftest.c  >&5
configure:5084: $? = 0
configure:5084: result: yes
configure:5097: checking for working fork
configure:5121: gcc -o conftest -g -O2   conftest.c  >&5
configure:5121: $? = 0
configure:5121: ./conftest
configure:5121: $? = 0
configure:5132: result: yes
configure:5153: checking for working vfork
configure:5282: result: yes
configure:5307: checking for pledge
configure:5307: gcc -o conftest -g -O2   conftest.c  >&5
/usr/bin/ld: /tmp/cc4MI4N9.o: in function `main':
/home/wolf/devel/acme-client-portable/conftest.c:52: undefined reference to `pledge'
collect2: error: ld returned 1 exit status
configure:5307: $? = 1
configure: failed program was:
| /* confdefs.h */
| #define PACKAGE_NAME "acme-client"
| #define PACKAGE_TARNAME "acme-client"
| #define PACKAGE_VERSION "1.2.0"
| #define PACKAGE_STRING "acme-client 1.2.0"
| #define PACKAGE_BUGREPORT "wolf@wolfsden.cz"
| #define PACKAGE_URL ""
| #define PACKAGE "acme-client"
| #define VERSION "1.2.0"
| #define HAVE_STDIO_H 1
| #define HAVE_STDLIB_H 1
| #define HAVE_STRING_H 1
| #define HAVE_INTTYPES_H 1
| #define HAVE_STDINT_H 1
| #define HAVE_STRINGS_H 1
| #define HAVE_SYS_STAT_H 1
| #define HAVE_SYS_TYPES_H 1
| #define HAVE_UNISTD_H 1
| #define STDC_HEADERS 1
| #define HAVE_FORK 1
| #define HAVE_VFORK 1
| #define HAVE_WORKING_VFORK 1
| #define HAVE_WORKING_FORK 1
| /* end confdefs.h.  */
| /* Define pledge to an innocuous variant, in case <limits.h> declares pledge.
|    For example, HP-UX 11i <limits.h> declares gettimeofday.  */
| #define pledge innocuous_pledge
| 
| /* System header to define __stub macros and hopefully few prototypes,
|    which can conflict with char pledge (); below.  */
| 
| #include <limits.h>
| #undef pledge
| 
| /* Override any GCC internal prototype to avoid an error.
|    Use char because int might match the return type of a GCC
|    builtin and then its argument prototype would still apply.  */
| #ifdef __cplusplus
| extern "C"
| #endif
| char pledge ();
| /* The GNU C library defines this for functions which it implements
|     to always fail with ENOSYS.  Some functions are actually named
|     something starting with __ and the normal name is an alias.  */
| #if defined __stub_pledge || defined __stub___pledge
| choke me
| #endif
| 
| int
| main (void)
| {
| return pledge ();
|   ;
|   return 0;
| }
configure:5307: result: no
configure:5313: checking for unveil
configure:5313: gcc -o conftest -g -O2   conftest.c  >&5
/usr/bin/ld: /tmp/cchC7zFb.o: in function `main':
/home/wolf/devel/acme-client-portable/conftest.c:52: undefined reference to `unveil'
collect2: error: ld returned 1 exit status
configure:5313: $? = 1
configure: failed program was:
| /* confdefs.h */
| #define PACKAGE_NAME "acme-client"
| #define PACKAGE_TARNAME "acme-client"
| #define PACKAGE_VERSION "1.2.0"
| #define PACKAGE_STRING "acme-client 1.2.0"
| #define PACKAGE_BUGREPORT "wolf@wolfsden.cz"
| #define PACKAGE_URL ""
| #define PACKAGE "acme-client"
| #define VERSION "1.2.0"
| #define HAVE_STDIO_H 1
| #define HAVE_STDLIB_H 1
| #define HAVE_STRING_H 1
| #define HAVE_INTTYPES_H 1
| #define HAVE_STDINT_H 1
| #define HAVE_STRINGS_H 1
| #define HAVE_SYS_STAT_H 1
| #define HAVE_SYS_TYPES_H 1
| #define HAVE_UNISTD_H 1
| #define STDC_HEADERS 1
| #define HAVE_FORK 1
| #define HAVE_VFORK 1
| #define HAVE_WORKING_VFORK 1
| #define HAVE_WORKING_FORK 1
| /* end confdefs.h.  */
| /* Define unveil to an innocuous variant, in case <limits.h> declares unveil.
|    For example, HP-UX 11i <limits.h> declares gettimeofday.  */
| #define unveil innocuous_unveil
| 
| /* System header to define __stub macros and hopefully few prototypes,
|    which can conflict with char unveil (); below.  */
| 
| #include <limits.h>
| #undef unveil
| 
| /* Override any GCC internal prototype to avoid an error.
|    Use char because int might match the return type of a GCC
|    builtin and then its argument prototype would still apply.  */
| #ifdef __cplusplus
| extern "C"
| #endif
| char unveil ();
| /* The GNU C library defines this for functions which it implements
|     to always fail with ENOSYS.  Some functions are actually named
|     something starting with __ and the normal name is an alias.  */
| #if defined __stub_unveil || defined __stub___unveil
| choke me
| #endif
| 
| int
| main (void)
| {
| return unveil ();
|   ;
|   return 0;
| }
configure:5313: result: no
configure:5320: checking for asprintf
configure:5320: gcc -o conftest -g -O2   conftest.c  >&5
configure:5320: $? = 0
configure:5320: result: yes
configure:5333: checking for err
configure:5333: gcc -o conftest -g -O2   conftest.c  >&5
configure:5333: $? = 0
configure:5333: result: yes
configure:5346: checking for errx
configure:5346: gcc -o conftest -g -O2   conftest.c  >&5
configure:5346: $? = 0
configure:5346: result: yes
configure:5359: checking for reallocarray
configure:5359: gcc -o conftest -g -O2   conftest.c  >&5
configure:5359: $? = 0
configure:5359: result: yes
configure:5372: checking for recallocarray
configure:5372: gcc -o conftest -g -O2   conftest.c  >&5
/usr/bin/ld: /tmp/ccc61k8k.o: in function `main':
/home/wolf/devel/acme-client-portable/conftest.c:56: undefined reference to `recallocarray'
collect2: error: ld returned 1 exit status
configure:5372: $? = 1
configure: failed program was:
| /* confdefs.h */
| #define PACKAGE_NAME "acme-client"
| #define PACKAGE_TARNAME "acme-client"
| #define PACKAGE_VERSION "1.2.0"
| #define PACKAGE_STRING "acme-client 1.2.0"
| #define PACKAGE_BUGREPORT "wolf@wolfsden.cz"
| #define PACKAGE_URL ""
| #define PACKAGE "acme-client"
| #define VERSION "1.2.0"
| #define HAVE_STDIO_H 1
| #define HAVE_STDLIB_H 1
| #define HAVE_STRING_H 1
| #define HAVE_INTTYPES_H 1
| #define HAVE_STDINT_H 1
| #define HAVE_STRINGS_H 1
| #define HAVE_SYS_STAT_H 1
| #define HAVE_SYS_TYPES_H 1
| #define HAVE_UNISTD_H 1
| #define STDC_HEADERS 1
| #define HAVE_FORK 1
| #define HAVE_VFORK 1
| #define HAVE_WORKING_VFORK 1
| #define HAVE_WORKING_FORK 1
| #define HAVE_ASPRINTF 1
| #define HAVE_ERR 1
| #define HAVE_ERRX 1
| #define HAVE_REALLOCARRAY 1
| /* end confdefs.h.  */
| /* Define recallocarray to an innocuous variant, in case <limits.h> declares recallocarray.
|    For example, HP-UX 11i <limits.h> declares gettimeofday.  */
| #define recallocarray innocuous_recallocarray
| 
| /* System header to define __stub macros and hopefully few prototypes,
|    which can conflict with char recallocarray (); below.  */
| 
| #include <limits.h>
| #undef recallocarray
| 
| /* Override any GCC internal prototype to avoid an error.
|    Use char because int might match the return type of a GCC
|    builtin and then its argument prototype would still apply.  */
| #ifdef __cplusplus
| extern "C"
| #endif
| char recallocarray ();
| /* The GNU C library defines this for functions which it implements
|     to always fail with ENOSYS.  Some functions are actually named
|     something starting with __ and the normal name is an alias.  */
| #if defined __stub_recallocarray || defined __stub___recallocarray
| choke me
| #endif
| 
| int
| main (void)
| {
| return recallocarray ();
|   ;
|   return 0;
| }
configure:5372: result: no
configure:5385: checking for strlcat
configure:5385: gcc -o conftest -g -O2   conftest.c  >&5
/usr/bin/ld: /tmp/ccQUIpCo.o: in function `main':
/home/wolf/devel/acme-client-portable/conftest.c:56: undefined reference to `strlcat'
collect2: error: ld returned 1 exit status
configure:5385: $? = 1
configure: failed program was:
| /* confdefs.h */
| #define PACKAGE_NAME "acme-client"
| #define PACKAGE_TARNAME "acme-client"
| #define PACKAGE_VERSION "1.2.0"
| #define PACKAGE_STRING "acme-client 1.2.0"
| #define PACKAGE_BUGREPORT "wolf@wolfsden.cz"
| #define PACKAGE_URL ""
| #define PACKAGE "acme-client"
| #define VERSION "1.2.0"
| #define HAVE_STDIO_H 1
| #define HAVE_STDLIB_H 1
| #define HAVE_STRING_H 1
| #define HAVE_INTTYPES_H 1
| #define HAVE_STDINT_H 1
| #define HAVE_STRINGS_H 1
| #define HAVE_SYS_STAT_H 1
| #define HAVE_SYS_TYPES_H 1
| #define HAVE_UNISTD_H 1
| #define STDC_HEADERS 1
| #define HAVE_FORK 1
| #define HAVE_VFORK 1
| #define HAVE_WORKING_VFORK 1
| #define HAVE_WORKING_FORK 1
| #define HAVE_ASPRINTF 1
| #define HAVE_ERR 1
| #define HAVE_ERRX 1
| #define HAVE_REALLOCARRAY 1
| /* end confdefs.h.  */
| /* Define strlcat to an innocuous variant, in case <limits.h> declares strlcat.
|    For example, HP-UX 11i <limits.h> declares gettimeofday.  */
| #define strlcat innocuous_strlcat
| 
| /* System header to define __stub macros and hopefully few prototypes,
|    which can conflict with char strlcat (); below.  */
| 
| #include <limits.h>
| #undef strlcat
| 
| /* Override any GCC internal prototype to avoid an error.
|    Use char because int might match the return type of a GCC
|    builtin and then its argument prototype would still apply.  */
| #ifdef __cplusplus
| extern "C"
| #endif
| char strlcat ();
| /* The GNU C library defines this for functions which it implements
|     to always fail with ENOSYS.  Some functions are actually named
|     something starting with __ and the normal name is an alias.  */
| #if defined __stub_strlcat || defined __stub___strlcat
| choke me
| #endif
| 
| int
| main (void)
| {
| return strlcat ();
|   ;
|   return 0;
| }
configure:5385: result: no
configure:5398: checking for strtonum
configure:5398: gcc -o conftest -g -O2   conftest.c  >&5
/usr/bin/ld: /tmp/ccrPO58p.o: in function `main':
/home/wolf/devel/acme-client-portable/conftest.c:56: undefined reference to `strtonum'
collect2: error: ld returned 1 exit status
configure:5398: $? = 1
configure: failed program was:
| /* confdefs.h */
| #define PACKAGE_NAME "acme-client"
| #define PACKAGE_TARNAME "acme-client"
| #define PACKAGE_VERSION "1.2.0"
| #define PACKAGE_STRING "acme-client 1.2.0"
| #define PACKAGE_BUGREPORT "wolf@wolfsden.cz"
| #define PACKAGE_URL ""
| #define PACKAGE "acme-client"
| #define VERSION "1.2.0"
| #define HAVE_STDIO_H 1
| #define HAVE_STDLIB_H 1
| #define HAVE_STRING_H 1
| #define HAVE_INTTYPES_H 1
| #define HAVE_STDINT_H 1
| #define HAVE_STRINGS_H 1
| #define HAVE_SYS_STAT_H 1
| #define HAVE_SYS_TYPES_H 1
| #define HAVE_UNISTD_H 1
| #define STDC_HEADERS 1
| #define HAVE_FORK 1
| #define HAVE_VFORK 1
| #define HAVE_WORKING_VFORK 1
| #define HAVE_WORKING_FORK 1
| #define HAVE_ASPRINTF 1
| #define HAVE_ERR 1
| #define HAVE_ERRX 1
| #define HAVE_REALLOCARRAY 1
| /* end confdefs.h.  */
| /* Define strtonum to an innocuous variant, in case <limits.h> declares strtonum.
|    For example, HP-UX 11i <limits.h> declares gettimeofday.  */
| #define strtonum innocuous_strtonum
| 
| /* System header to define __stub macros and hopefully few prototypes,
|    which can conflict with char strtonum (); below.  */
| 
| #include <limits.h>
| #undef strtonum
| 
| /* Override any GCC internal prototype to avoid an error.
|    Use char because int might match the return type of a GCC
|    builtin and then its argument prototype would still apply.  */
| #ifdef __cplusplus
| extern "C"
| #endif
| char strtonum ();
| /* The GNU C library defines this for functions which it implements
|     to always fail with ENOSYS.  Some functions are actually named
|     something starting with __ and the normal name is an alias.  */
| #if defined __stub_strtonum || defined __stub___strtonum
| choke me
| #endif
| 
| int
| main (void)
| {
| return strtonum ();
|   ;
|   return 0;
| }
configure:5398: result: no
configure:5411: checking for vasprintf
configure:5411: gcc -o conftest -g -O2   conftest.c  >&5
configure:5411: $? = 0
configure:5411: result: yes
configure:5424: checking for vwarnx
configure:5424: gcc -o conftest -g -O2   conftest.c  >&5
configure:5424: $? = 0
configure:5424: result: yes
configure:5437: checking for warn
configure:5437: gcc -o conftest -g -O2   conftest.c  >&5
configure:5437: $? = 0
configure:5437: result: yes
configure:5450: checking for warnx
configure:5450: gcc -o conftest -g -O2   conftest.c  >&5
configure:5450: $? = 0
configure:5450: result: yes
configure:5466: checking whether C compiler accepts -D_GNU_SOURCE=1
configure:5486: gcc -c -g -O2  -D_GNU_SOURCE=1  conftest.c >&5
configure:5486: $? = 0
configure:5495: result: yes
configure:5506: checking whether C compiler accepts -Wall
configure:5526: gcc -c -g -O2 -D_GNU_SOURCE=1  -Wall  conftest.c >&5
configure:5526: $? = 0
configure:5535: result: yes
configure:5546: checking whether C compiler accepts -Wextra
configure:5566: gcc -c -g -O2 -D_GNU_SOURCE=1 -Wall  -Wextra  conftest.c >&5
configure:5566: $? = 0
configure:5575: result: yes
configure:5586: checking whether C compiler accepts -Wformat
configure:5606: gcc -c -g -O2 -D_GNU_SOURCE=1 -Wall -Wextra  -Wformat  conftest.c >&5
configure:5606: $? = 0
configure:5615: result: yes
configure:5626: checking whether C compiler accepts -Wmissing-declarations
configure:5646: gcc -c -g -O2 -D_GNU_SOURCE=1 -Wall -Wextra -Wformat  -Wmissing-declarations  conftest.c >&5
configure:5646: $? = 0
configure:5655: result: yes
configure:5666: checking whether C compiler accepts -Wmissing-prototypes
configure:5686: gcc -c -g -O2 -D_GNU_SOURCE=1 -Wall -Wextra -Wformat -Wmissing-declarations  -Wmissing-prototypes  conftest.c >&5
configure:5686: $? = 0
configure:5695: result: yes
configure:5706: checking whether C compiler accepts -Wpointer-arith
configure:5726: gcc -c -g -O2 -D_GNU_SOURCE=1 -Wall -Wextra -Wformat -Wmissing-declarations -Wmissing-prototypes  -Wpointer-arith  conftest.c >&5
configure:5726: $? = 0
configure:5735: result: yes
configure:5746: checking whether C compiler accepts -Wshadow
configure:5766: gcc -c -g -O2 -D_GNU_SOURCE=1 -Wall -Wextra -Wformat -Wmissing-declarations -Wmissing-prototypes -Wpointer-arith  -Wshadow  conftest.c >&5
configure:5766: $? = 0
configure:5775: result: yes
configure:5786: checking whether C compiler accepts -Wsign-compare
configure:5806: gcc -c -g -O2 -D_GNU_SOURCE=1 -Wall -Wextra -Wformat -Wmissing-declarations -Wmissing-prototypes -Wpointer-arith -Wshadow  -Wsign-compare  conftest.c >&5
configure:5806: $? = 0
configure:5815: result: yes
configure:5826: checking whether C compiler accepts -Wstrict-prototypes
configure:5846: gcc -c -g -O2 -D_GNU_SOURCE=1 -Wall -Wextra -Wformat -Wmissing-declarations -Wmissing-prototypes -Wpointer-arith -Wshadow -Wsign-compare  -Wstrict-prototypes  conftest.c >&5
configure:5846: $? = 0
configure:5855: result: yes
configure:5866: checking whether C compiler accepts -Wundef
configure:5886: gcc -c -g -O2 -D_GNU_SOURCE=1 -Wall -Wextra -Wformat -Wmissing-declarations -Wmissing-prototypes -Wpointer-arith -Wshadow -Wsign-compare -Wstrict-prototypes  -Wundef  conftest.c >&5
configure:5886: $? = 0
configure:5895: result: yes
configure:5906: checking whether C compiler accepts -Wunused
configure:5926: gcc -c -g -O2 -D_GNU_SOURCE=1 -Wall -Wextra -Wformat -Wmissing-declarations -Wmissing-prototypes -Wpointer-arith -Wshadow -Wsign-compare -Wstrict-prototypes -Wundef  -Wunused  conftest.c >&5
configure:5926: $? = 0
configure:5935: result: yes
configure:5946: checking whether C compiler accepts -Wvla
configure:5966: gcc -c -g -O2 -D_GNU_SOURCE=1 -Wall -Wextra -Wformat -Wmissing-declarations -Wmissing-prototypes -Wpointer-arith -Wshadow -Wsign-compare -Wstrict-prototypes -Wundef -Wunused  -Wvla  conftest.c >&5
configure:5966: $? = 0
configure:5975: result: yes
configure:5994: checking whether C compiler accepts -flto
configure:6014: gcc -c -g -O2 -D_GNU_SOURCE=1 -Wall -Wextra -Wformat -Wmissing-declarations -Wmissing-prototypes -Wpointer-arith -Wshadow -Wsign-compare -Wstrict-prototypes -Wundef -Wunused -Wvla  -flto  conftest.c >&5
configure:6014: $? = 0
configure:6023: result: yes
configure:6034: checking whether the linker accepts -flto
configure:6054: gcc -o conftest -g -O2 -D_GNU_SOURCE=1 -Wall -Wextra -Wformat -Wmissing-declarations -Wmissing-prototypes -Wpointer-arith -Wshadow -Wsign-compare -Wstrict-prototypes -Wundef -Wunused -Wvla -flto    -flto conftest.c  >&5
configure:6054: $? = 0
configure:6064: result: yes
configure:6211: checking that generated files are newer than configure
configure:6217: result: done
configure:6248: creating ./config.status

## ---------------- ##
## Cache variables. ##
## ---------------- ##

ac_cv_build=x86_64-pc-linux-gnu
ac_cv_c_compiler_gnu=yes
ac_cv_env_CC_set=
ac_cv_env_CC_value=
ac_cv_env_CFLAGS_set=
ac_cv_env_CFLAGS_value=
ac_cv_env_CPPFLAGS_set=
ac_cv_env_CPPFLAGS_value=
ac_cv_env_CPP_set=
ac_cv_env_CPP_value=
ac_cv_env_LDFLAGS_set=
ac_cv_env_LDFLAGS_value=
ac_cv_env_LIBS_set=
ac_cv_env_LIBS_value=
ac_cv_env_YACC_set=
ac_cv_env_YACC_value=
ac_cv_env_YFLAGS_set=
ac_cv_env_YFLAGS_value=
ac_cv_env_build_alias_set=
ac_cv_env_build_alias_value=
ac_cv_env_host_alias_set=
ac_cv_env_host_alias_value=
ac_cv_env_target_alias_set=
ac_cv_env_target_alias_value=
ac_cv_func_asprintf=yes
ac_cv_func_err=yes
ac_cv_func_errx=yes
ac_cv_func_fork=yes
ac_cv_func_fork_works=yes
ac_cv_func_pledge=no
ac_cv_func_reallocarray=yes
ac_cv_func_recallocarray=no
ac_cv_func_strlcat=no
ac_cv_func_strtonum=no
ac_cv_func_unveil=no
ac_cv_func_vasprintf=yes
ac_cv_func_vfork=yes
ac_cv_func_vfork_works=yes
ac_cv_func_vwarnx=yes
ac_cv_func_warn=yes
ac_cv_func_warnx=yes
ac_cv_header_inttypes_h=yes
ac_cv_header_stdint_h=yes
ac_cv_header_stdio_h=yes
ac_cv_header_stdlib_h=yes
ac_cv_header_string_h=yes
ac_cv_header_strings_h=yes
ac_cv_header_sys_stat_h=yes
ac_cv_header_sys_types_h=yes
ac_cv_header_unistd_h=yes
ac_cv_header_vfork_h=no
ac_cv_host=x86_64-pc-linux-gnu
ac_cv_objext=o
ac_cv_path_install='/usr/bin/install -c'
ac_cv_path_mkdir=/usr/bin/mkdir
ac_cv_prog_AWK=gawk
ac_cv_prog_CPP='gcc -E'
ac_cv_prog_YACC='bison -y'
ac_cv_prog_ac_ct_CC=gcc
ac_cv_prog_ac_ct_PKG_CONFIG=pkg-config
ac_cv_prog_cc_c11=
ac_cv_prog_cc_g=yes
ac_cv_prog_cc_stdc=
ac_cv_prog_make_make_set=yes
ac_cv_target=x86_64-pc-linux-gnu
ac_cv_type_pid_t=yes
am_cv_CC_dependencies_compiler_type=gcc3
am_cv_make_support_nested_variables=yes
am_cv_prog_cc_c_o=yes
ax_cv_check_cflags___D_GNU_SOURCE_1=yes
ax_cv_check_cflags___Wall=yes
ax_cv_check_cflags___Wextra=yes
ax_cv_check_cflags___Wformat=yes
ax_cv_check_cflags___Wmissing_declarations=yes
ax_cv_check_cflags___Wmissing_prototypes=yes
ax_cv_check_cflags___Wpointer_arith=yes
ax_cv_check_cflags___Wshadow=yes
ax_cv_check_cflags___Wsign_compare=yes
ax_cv_check_cflags___Wstrict_prototypes=yes
ax_cv_check_cflags___Wundef=yes
ax_cv_check_cflags___Wunused=yes
ax_cv_check_cflags___Wvla=yes
ax_cv_check_cflags___flto=yes
ax_cv_check_ldflags___flto=yes

## ----------------- ##
## Output variables. ##
## ----------------- ##

ACLOCAL='${SHELL} /home/wolf/devel/acme-client-portable/build-aux/missing aclocal-1.16'
AMDEPBACKSLASH='\'
AMDEP_FALSE='#'
AMDEP_TRUE=''
AMTAR='$${TAR-tar}'
AM_BACKSLASH='\'
AM_DEFAULT_V='$(AM_DEFAULT_VERBOSITY)'
AM_DEFAULT_VERBOSITY='1'
AM_V='$(V)'
AUTOCONF='${SHELL} /home/wolf/devel/acme-client-portable/build-aux/missing autoconf'
AUTOHEADER='${SHELL} /home/wolf/devel/acme-client-portable/build-aux/missing autoheader'
AUTOMAKE='${SHELL} /home/wolf/devel/acme-client-portable/build-aux/missing automake-1.16'
AWK='gawk'
CC='gcc'
CCDEPMODE='depmode=gcc3'
CFLAGS='-g -O2 -D_GNU_SOURCE=1 -Wall -Wextra -Wformat -Wmissing-declarations -Wmissing-prototypes -Wpointer-arith -Wshadow -Wsign-compare -Wstrict-prototypes -Wundef -Wunused -Wvla -flto'
CPP='gcc -E'
CPPFLAGS=''
CYGPATH_W='echo'
DEFS='-DHAVE_CONFIG_H'
DEPDIR='.deps'
DEVEL_MODE_FALSE=''
DEVEL_MODE_TRUE='#'
ECHO_C=''
ECHO_N='-n'
ECHO_T=''
EXEEXT=''
INSTALL_DATA='${INSTALL} -m 644'
INSTALL_PROGRAM='${INSTALL}'
INSTALL_SCRIPT='${INSTALL}'
INSTALL_STRIP_PROGRAM='$(install_sh) -c -s'
LDFLAGS=' -flto'
LIBOBJS=' ${LIBOBJDIR}recallocarray$U.o ${LIBOBJDIR}strlcat$U.o ${LIBOBJDIR}strtonum$U.o'
LIBS=''
LTLIBOBJS=' ${LIBOBJDIR}recallocarray$U.lo ${LIBOBJDIR}strlcat$U.lo ${LIBOBJDIR}strtonum$U.lo'
MAKEINFO='${SHELL} /home/wolf/devel/acme-client-portable/build-aux/missing makeinfo'
MKDIR_P='/usr/bin/mkdir -p'
OBJEXT='o'
OPENSSL_INCLUDES=''
OPENSSL_LDFLAGS=''
OPENSSL_LIBS='-lssl -lcrypto '
PACKAGE='acme-client'
PACKAGE_BUGREPORT='wolf@wolfsden.cz'
PACKAGE_NAME='acme-client'
PACKAGE_STRING='acme-client 1.2.0'
PACKAGE_TARNAME='acme-client'
PACKAGE_URL=''
PACKAGE_VERSION='1.2.0'
PATH_SEPARATOR=':'
PKG_CONFIG='pkg-config'
SET_MAKE=''
SHELL='/bin/sh'
STRIP=''
VERSION='1.2.0'
YACC='bison -y'
YFLAGS=''
ac_ct_CC='gcc'
am__EXEEXT_FALSE=''
am__EXEEXT_TRUE='#'
am__fastdepCC_FALSE='#'
am__fastdepCC_TRUE=''
am__include='include'
am__isrc=''
am__leading_dot='.'
am__nodep='_no'
am__quote=''
am__tar='$${TAR-tar} chof - "$$tardir"'
am__untar='$${TAR-tar} xf -'
bindir='${exec_prefix}/bin'
build='x86_64-pc-linux-gnu'
build_alias=''
build_cpu='x86_64'
build_os='linux-gnu'
build_vendor='pc'
datadir='${datarootdir}'
datarootdir='${prefix}/share'
docdir='${datarootdir}/doc/${PACKAGE_TARNAME}'
dvidir='${docdir}'
exec_prefix='${prefix}'
host='x86_64-pc-linux-gnu'
host_alias=''
host_cpu='x86_64'
host_os='linux-gnu'
host_vendor='pc'
htmldir='${docdir}'
includedir='${prefix}/include'
infodir='${datarootdir}/info'
install_sh='${SHELL} /home/wolf/devel/acme-client-portable/build-aux/install-sh'
libdir='${exec_prefix}/lib'
libexecdir='${exec_prefix}/libexec'
localedir='${datarootdir}/locale'
localstatedir='${prefix}/var'
mandir='${datarootdir}/man'
mkdir_p='$(MKDIR_P)'
oldincludedir='/usr/include'
pdfdir='${docdir}'
prefix='/usr/local'
program_transform_name='s,x,x,'
psdir='${docdir}'
runstatedir='${localstatedir}/run'
sbindir='${exec_prefix}/sbin'
sharedstatedir='${prefix}/com'
sysconfdir='${prefix}/etc'
target='x86_64-pc-linux-gnu'
target_alias=''
target_cpu='x86_64'
target_os='linux-gnu'
target_vendor='pc'

## ----------- ##
## confdefs.h. ##
## ----------- ##

/* confdefs.h */
#define PACKAGE_NAME "acme-client"
#define PACKAGE_TARNAME "acme-client"
#define PACKAGE_VERSION "1.2.0"
#define PACKAGE_STRING "acme-client 1.2.0"
#define PACKAGE_BUGREPORT "wolf@wolfsden.cz"
#define PACKAGE_URL ""
#define PACKAGE "acme-client"
#define VERSION "1.2.0"
#define HAVE_STDIO_H 1
#define HAVE_STDLIB_H 1
#define HAVE_STRING_H 1
#define HAVE_INTTYPES_H 1
#define HAVE_STDINT_H 1
#define HAVE_STRINGS_H 1
#define HAVE_SYS_STAT_H 1
#define HAVE_SYS_TYPES_H 1
#define HAVE_UNISTD_H 1
#define STDC_HEADERS 1
#define HAVE_FORK 1
#define HAVE_VFORK 1
#define HAVE_WORKING_VFORK 1
#define HAVE_WORKING_FORK 1
#define HAVE_ASPRINTF 1
#define HAVE_ERR 1
#define HAVE_ERRX 1
#define HAVE_REALLOCARRAY 1
#define HAVE_VASPRINTF 1
#define HAVE_VWARNX 1
#define HAVE_WARN 1
#define HAVE_WARNX 1

configure: exit 0

## ---------------------- ##
## Running config.status. ##
## ---------------------- ##

This file was extended by acme-client config.status 1.2.0, which was
generated by GNU Autoconf 2.70.  Invocation command line was

  CONFIG_FILES    = 
  CONFIG_HEADERS  = 
  CONFIG_LINKS    = 
  CONFIG_COMMANDS = 
  $ ./config.status 

on ws

config.status:877: creating Makefile
config.status:877: creating config.h
config.status:1106: executing depfiles commands
config.status:1183: cd .       && sed -e '/# am--include-marker/d' Makefile         | make -f - am--depfiles
make[1]: Entering directory '/home/wolf/devel/acme-client-portable'
make[1]: Nothing to be done for 'am--depfiles'.
make[1]: Leaving directory '/home/wolf/devel/acme-client-portable'
config.status:1188: $? = 0
